c:\users\flatc\source\repos\mid2add\lib\thrift\x86\debug\tasyncchannel.obj
c:\users\flatc\source\repos\mid2add\lib\thrift\x86\debug\boostthreadfactory.obj
c:\users\flatc\source\repos\mid2add\lib\thrift\x86\debug\util.obj
c:\users\flatc\source\repos\mid2add\lib\thrift\x86\debug\tbase64utils.obj
c:\users\flatc\source\repos\mid2add\lib\thrift\x86\debug\tjsonprotocol.obj
c:\users\flatc\source\repos\mid2add\lib\thrift\x86\debug\tprotocol.obj
c:\users\flatc\source\repos\mid2add\lib\thrift\x86\debug\tsimpleserver.obj
c:\users\flatc\source\repos\mid2add\lib\thrift\x86\debug\toutput.obj
c:\users\flatc\source\repos\mid2add\lib\thrift\x86\debug\thttpclient.obj
c:\users\flatc\source\repos\mid2add\lib\thrift\x86\debug\tsslserversocket.obj
c:\users\flatc\source\repos\mid2add\lib\thrift\x86\debug\socketpair.obj
c:\users\flatc\source\repos\mid2add\lib\thrift\x86\debug\boostmutex.obj
c:\users\flatc\source\repos\mid2add\lib\thrift\x86\debug\tserver.obj
c:\users\flatc\source\repos\mid2add\lib\thrift\x86\debug\tserverframework.obj
c:\users\flatc\source\repos\mid2add\lib\thrift\x86\debug\tthreadpoolserver.obj
c:\users\flatc\source\repos\mid2add\lib\thrift\x86\debug\tfdtransport.obj
c:\users\flatc\source\repos\mid2add\lib\thrift\x86\debug\thttptransport.obj
c:\users\flatc\source\repos\mid2add\lib\thrift\x86\debug\tpipeserver.obj
c:\users\flatc\source\repos\mid2add\lib\thrift\x86\debug\tsslsocket.obj
c:\users\flatc\source\repos\mid2add\lib\thrift\x86\debug\twinsocksingleton.obj
c:\users\flatc\source\repos\mid2add\lib\thrift\x86\debug\tconcurrentclientsyncinfo.obj
c:\users\flatc\source\repos\mid2add\lib\thrift\x86\debug\stdthreadfactory.obj
c:\users\flatc\source\repos\mid2add\lib\thrift\x86\debug\peekprocessor.obj
c:\users\flatc\source\repos\mid2add\lib\thrift\x86\debug\tmultiplexedprotocol.obj
c:\users\flatc\source\repos\mid2add\lib\thrift\x86\debug\tapplicationexception.obj
c:\users\flatc\source\repos\mid2add\lib\thrift\x86\debug\tfiletransport.obj
c:\users\flatc\source\repos\mid2add\lib\thrift\x86\debug\tpipe.obj
c:\users\flatc\source\repos\mid2add\lib\thrift\x86\debug\tsocket.obj
c:\users\flatc\source\repos\mid2add\lib\thrift\x86\debug\ttransportutils.obj
c:\users\flatc\source\repos\mid2add\lib\thrift\x86\debug\boostmonitor.obj
c:\users\flatc\source\repos\mid2add\lib\thrift\x86\debug\tconnectedclient.obj
c:\users\flatc\source\repos\mid2add\lib\thrift\x86\debug\tthreadedserver.obj
c:\users\flatc\source\repos\mid2add\lib\thrift\x86\debug\tbuffertransports.obj
c:\users\flatc\source\repos\mid2add\lib\thrift\x86\debug\thttpserver.obj
c:\users\flatc\source\repos\mid2add\lib\thrift\x86\debug\tserversocket.obj
c:\users\flatc\source\repos\mid2add\lib\thrift\x86\debug\ttransportexception.obj
c:\users\flatc\source\repos\mid2add\lib\thrift\x86\debug\gettimeofday.obj
c:\users\flatc\source\repos\mid2add\lib\thrift\x86\debug\winfcntl.obj
c:\users\flatc\source\repos\mid2add\lib\thrift\x86\debug\libthrift.pdb
d:\development\cpp\thriftsample\lib\thrift\x86\debug\tconcurrentclientsyncinfo.obj
d:\development\cpp\thriftsample\lib\thrift\x86\debug\boostthreadfactory.obj
d:\development\cpp\thriftsample\lib\thrift\x86\debug\util.obj
d:\development\cpp\thriftsample\lib\thrift\x86\debug\tbase64utils.obj
d:\development\cpp\thriftsample\lib\thrift\x86\debug\tjsonprotocol.obj
d:\development\cpp\thriftsample\lib\thrift\x86\debug\toutput.obj
d:\development\cpp\thriftsample\lib\thrift\x86\debug\thttpclient.obj
d:\development\cpp\thriftsample\lib\thrift\x86\debug\tsocket.obj
d:\development\cpp\thriftsample\lib\thrift\x86\debug\ttransportutils.obj
d:\development\cpp\thriftsample\lib\thrift\x86\debug\tasyncchannel.obj
d:\development\cpp\thriftsample\lib\thrift\x86\debug\stdthreadfactory.obj
d:\development\cpp\thriftsample\lib\thrift\x86\debug\peekprocessor.obj
d:\development\cpp\thriftsample\lib\thrift\x86\debug\tconnectedclient.obj
d:\development\cpp\thriftsample\lib\thrift\x86\debug\tthreadedserver.obj
d:\development\cpp\thriftsample\lib\thrift\x86\debug\tbuffertransports.obj
d:\development\cpp\thriftsample\lib\thrift\x86\debug\thttpserver.obj
d:\development\cpp\thriftsample\lib\thrift\x86\debug\tpipe.obj
d:\development\cpp\thriftsample\lib\thrift\x86\debug\tsslserversocket.obj
d:\development\cpp\thriftsample\lib\thrift\x86\debug\gettimeofday.obj
d:\development\cpp\thriftsample\lib\thrift\x86\debug\winfcntl.obj
d:\development\cpp\thriftsample\lib\thrift\x86\debug\boostmonitor.obj
d:\development\cpp\thriftsample\lib\thrift\x86\debug\tprotocol.obj
d:\development\cpp\thriftsample\lib\thrift\x86\debug\tserver.obj
d:\development\cpp\thriftsample\lib\thrift\x86\debug\tsimpleserver.obj
d:\development\cpp\thriftsample\lib\thrift\x86\debug\tapplicationexception.obj
d:\development\cpp\thriftsample\lib\thrift\x86\debug\tfdtransport.obj
d:\development\cpp\thriftsample\lib\thrift\x86\debug\thttptransport.obj
d:\development\cpp\thriftsample\lib\thrift\x86\debug\tserversocket.obj
d:\development\cpp\thriftsample\lib\thrift\x86\debug\ttransportexception.obj
d:\development\cpp\thriftsample\lib\thrift\x86\debug\twinsocksingleton.obj
d:\development\cpp\thriftsample\lib\thrift\x86\debug\boostmutex.obj
d:\development\cpp\thriftsample\lib\thrift\x86\debug\tmultiplexedprotocol.obj
d:\development\cpp\thriftsample\lib\thrift\x86\debug\tserverframework.obj
d:\development\cpp\thriftsample\lib\thrift\x86\debug\tthreadpoolserver.obj
d:\development\cpp\thriftsample\lib\thrift\x86\debug\tfiletransport.obj
d:\development\cpp\thriftsample\lib\thrift\x86\debug\tpipeserver.obj
d:\development\cpp\thriftsample\lib\thrift\x86\debug\tsslsocket.obj
d:\development\cpp\thriftsample\lib\thrift\x86\debug\socketpair.obj
d:\development\cpp\thriftsample\lib\thrift\x86\debug\libthrift.pdb
c:\users\flatc\source\repos\mid2add\x86\debug\libthrift.lib
d:\development\cpp\thriftsample\x86\debug\libthrift.lib
d:\development\cpp\thriftsample\lib\thrift\x86\debug\libthrift.idb
d:\development\cpp\thriftsample\x86\debug\libthrift.pdb
d:\development\cpp\thriftsample\lib\thrift\x86\debug\libthrift.tlog\cl.10684.write.1.tlog
d:\development\cpp\thriftsample\lib\thrift\x86\debug\libthrift.tlog\cl.command.1.tlog
d:\development\cpp\thriftsample\lib\thrift\x86\debug\libthrift.tlog\cl.read.1.tlog
d:\development\cpp\thriftsample\lib\thrift\x86\debug\libthrift.tlog\lib-link.read.1.tlog
d:\development\cpp\thriftsample\lib\thrift\x86\debug\libthrift.tlog\lib-link.write.1.tlog
d:\development\cpp\thriftsample\lib\thrift\x86\debug\libthrift.tlog\lib.command.1.tlog
