c:\users\flatc\source\repos\mid2add\lib\thrift\x86\release\boostmonitor.obj
c:\users\flatc\source\repos\mid2add\lib\thrift\x86\release\tsimpleserver.obj
c:\users\flatc\source\repos\mid2add\lib\thrift\x86\release\tapplicationexception.obj
c:\users\flatc\source\repos\mid2add\lib\thrift\x86\release\tfiletransport.obj
c:\users\flatc\source\repos\mid2add\lib\thrift\x86\release\tpipe.obj
c:\users\flatc\source\repos\mid2add\lib\thrift\x86\release\tsocket.obj
c:\users\flatc\source\repos\mid2add\lib\thrift\x86\release\ttransportutils.obj
c:\users\flatc\source\repos\mid2add\lib\thrift\x86\release\socketpair.obj
c:\users\flatc\source\repos\mid2add\lib\thrift\x86\release\tconcurrentclientsyncinfo.obj
c:\users\flatc\source\repos\mid2add\lib\thrift\x86\release\util.obj
c:\users\flatc\source\repos\mid2add\lib\thrift\x86\release\tbase64utils.obj
c:\users\flatc\source\repos\mid2add\lib\thrift\x86\release\tjsonprotocol.obj
c:\users\flatc\source\repos\mid2add\lib\thrift\x86\release\tconnectedclient.obj
c:\users\flatc\source\repos\mid2add\lib\thrift\x86\release\tthreadpoolserver.obj
c:\users\flatc\source\repos\mid2add\lib\thrift\x86\release\thttpclient.obj
c:\users\flatc\source\repos\mid2add\lib\thrift\x86\release\tsslserversocket.obj
c:\users\flatc\source\repos\mid2add\lib\thrift\x86\release\twinsocksingleton.obj
c:\users\flatc\source\repos\mid2add\lib\thrift\x86\release\boostmutex.obj
c:\users\flatc\source\repos\mid2add\lib\thrift\x86\release\tserverframework.obj
c:\users\flatc\source\repos\mid2add\lib\thrift\x86\release\toutput.obj
c:\users\flatc\source\repos\mid2add\lib\thrift\x86\release\tfdtransport.obj
c:\users\flatc\source\repos\mid2add\lib\thrift\x86\release\thttpserver.obj
c:\users\flatc\source\repos\mid2add\lib\thrift\x86\release\tpipeserver.obj
c:\users\flatc\source\repos\mid2add\lib\thrift\x86\release\ttransportexception.obj
c:\users\flatc\source\repos\mid2add\lib\thrift\x86\release\gettimeofday.obj
c:\users\flatc\source\repos\mid2add\lib\thrift\x86\release\winfcntl.obj
c:\users\flatc\source\repos\mid2add\lib\thrift\x86\release\tasyncchannel.obj
c:\users\flatc\source\repos\mid2add\lib\thrift\x86\release\boostthreadfactory.obj
c:\users\flatc\source\repos\mid2add\lib\thrift\x86\release\stdthreadfactory.obj
c:\users\flatc\source\repos\mid2add\lib\thrift\x86\release\peekprocessor.obj
c:\users\flatc\source\repos\mid2add\lib\thrift\x86\release\tmultiplexedprotocol.obj
c:\users\flatc\source\repos\mid2add\lib\thrift\x86\release\tprotocol.obj
c:\users\flatc\source\repos\mid2add\lib\thrift\x86\release\tserver.obj
c:\users\flatc\source\repos\mid2add\lib\thrift\x86\release\tthreadedserver.obj
c:\users\flatc\source\repos\mid2add\lib\thrift\x86\release\tbuffertransports.obj
c:\users\flatc\source\repos\mid2add\lib\thrift\x86\release\thttptransport.obj
c:\users\flatc\source\repos\mid2add\lib\thrift\x86\release\tserversocket.obj
c:\users\flatc\source\repos\mid2add\lib\thrift\x86\release\tsslsocket.obj
c:\users\flatc\source\repos\mid2add\lib\thrift\x86\release\libthrift.pdb
c:\users\flatc\source\repos\mid2add\x86\release\libthrift.lib
c:\users\flatc\source\repos\mid2add\lib\thrift\x86\release\libthrift.tlog\cl.10188.write.1.tlog
c:\users\flatc\source\repos\mid2add\lib\thrift\x86\release\libthrift.tlog\cl.command.1.tlog
c:\users\flatc\source\repos\mid2add\lib\thrift\x86\release\libthrift.tlog\cl.read.1.tlog
c:\users\flatc\source\repos\mid2add\lib\thrift\x86\release\libthrift.tlog\lib-link.read.1.tlog
c:\users\flatc\source\repos\mid2add\lib\thrift\x86\release\libthrift.tlog\lib-link.write.1.tlog
c:\users\flatc\source\repos\mid2add\lib\thrift\x86\release\libthrift.tlog\lib.command.1.tlog
